<?xml version="1.0" encoding="UTF-8"?>
<!-- Generated by org.testng.reporters.JUnitXMLReporter -->
<testsuite ignored="2" hostname="Farooq" failures="0" tests="2" name="Test-runner-firefox" time="57.982" errors="0" timestamp="2022-09-15T21:48:53 IST">
  <testcase classname="Contacts.CreateContactWithMandatoryFieldsTest" name="createconWithMandatoryField" time="17.88"/>
  <testcase classname="Contacts.Contact_with_orgnization" name="createContactWithOrgTest" time="22.092"/>
  <testcase classname="Vtiger.GenericUtility.BaseClass" name="@AfterSuite asConfig" time="0.0">
    <ignored/>
  </testcase> <!-- @AfterSuite asConfig -->
  <testcase classname="Vtiger.GenericUtility.BaseClass" name="@BeforeSuite bsConfig" time="0.0">
    <ignored/>
  </testcase> <!-- @BeforeSuite bsConfig -->
</testsuite> <!-- Test-runner-firefox -->
