<?xml version="1.0" encoding="UTF-8"?>
<testng-results ignored="4" total="8" passed="4" failed="0" skipped="0">
  <reporter-output>
    <line>
      <![CDATA[---Database Connection successful---]]>
    </line>
    <line>
      <![CDATA[--Browser launched successfully--true]]>
    </line>
    <line>
      <![CDATA[--Browser launched successfully--true]]>
    </line>
    <line>
      <![CDATA[--Login successfully--]]>
    </line>
    <line>
      <![CDATA[createconWithMandatoryField => test script execution started ]]>
    </line>
    <line>
      <![CDATA[--Login successfully--]]>
    </line>
    <line>
      <![CDATA[createconWithMandatoryField => test script execution started ]]>
    </line>
    <line>
      <![CDATA[createconWithMandatoryField => is passed ]]>
    </line>
    <line>
      <![CDATA[createconWithMandatoryField => is passed ]]>
    </line>
    <line>
      <![CDATA[--sign out successfully--]]>
    </line>
    <line>
      <![CDATA[--sign out successfully--]]>
    </line>
    <line>
      <![CDATA[--browser closed --]]>
    </line>
    <line>
      <![CDATA[--browser closed --]]>
    </line>
    <line>
      <![CDATA[--Browser launched successfully--true]]>
    </line>
    <line>
      <![CDATA[--Browser launched successfully--true]]>
    </line>
    <line>
      <![CDATA[--Login successfully--]]>
    </line>
    <line>
      <![CDATA[createContactWithOrgTest => test script execution started ]]>
    </line>
    <line>
      <![CDATA[--Login successfully--]]>
    </line>
    <line>
      <![CDATA[createContactWithOrgTest => test script execution started ]]>
    </line>
    <line>
      <![CDATA[--clicked on organization--]]>
    </line>
    <line>
      <![CDATA[--clicked on organization--]]>
    </line>
    <line>
      <![CDATA[--clicked on New-org-img--]]>
    </line>
    <line>
      <![CDATA[---organization successfully created---]]>
    </line>
    <line>
      <![CDATA[--clicked on New-org-img--]]>
    </line>
    <line>
      <![CDATA[---organization successfully created---]]>
    </line>
    <line>
      <![CDATA[--navigate to contacts---]]>
    </line>
    <line>
      <![CDATA[--navigate to contacts---]]>
    </line>
    <line>
      <![CDATA[--clicked on new contact img--]]>
    </line>
    <line>
      <![CDATA[--clicked on new contact img--]]>
    </line>
    <line>
      <![CDATA[--contact created successfully---]]>
    </line>
    <line>
      <![CDATA[--contact created successfully---]]>
    </line>
    <line>
      <![CDATA[createContactWithOrgTest => is passed ]]>
    </line>
    <line>
      <![CDATA[createContactWithOrgTest => is passed ]]>
    </line>
    <line>
      <![CDATA[--sign out successfully--]]>
    </line>
    <line>
      <![CDATA[--sign out successfully--]]>
    </line>
    <line>
      <![CDATA[--browser closed --]]>
    </line>
    <line>
      <![CDATA[--browser closed --]]>
    </line>
    <line>
      <![CDATA[--Data Base closed--]]>
    </line>
  </reporter-output>
  <suite started-at="2022-09-15T21:47:54 IST" name="Suite" finished-at="2022-09-15T21:48:52 IST" duration-ms="57982">
    <groups>
    </groups>
    <test started-at="2022-09-15T21:47:54 IST" name="Test-runner-firefox" finished-at="2022-09-15T21:48:52 IST" duration-ms="57982">
      <class name="Contacts.Contact_with_orgnization">
        <test-method is-config="true" signature="bcConfig()[pri:0, instance:Contacts.Contact_with_orgnization@35d019a3]" started-at="2022-09-15T21:48:25 IST" name="bcConfig" finished-at="2022-09-15T21:48:26 IST" duration-ms="1702" status="PASS">
          <reporter-output>
            <line>
              <![CDATA[--Browser launched successfully--true]]>
            </line>
          </reporter-output>
        </test-method> <!-- bcConfig -->
        <test-method is-config="true" signature="bmConfig()[pri:0, instance:Contacts.Contact_with_orgnization@35d019a3]" started-at="2022-09-15T21:48:26 IST" name="bmConfig" finished-at="2022-09-15T21:48:29 IST" duration-ms="2513" status="PASS">
          <reporter-output>
            <line>
              <![CDATA[--Login successfully--]]>
            </line>
          </reporter-output>
        </test-method> <!-- bmConfig -->
        <test-method signature="createContactWithOrgTest()[pri:0, instance:Contacts.Contact_with_orgnization@35d019a3]" started-at="2022-09-15T21:48:29 IST" name="createContactWithOrgTest" finished-at="2022-09-15T21:48:51 IST" duration-ms="22092" status="PASS">
          <reporter-output>
            <line>
              <![CDATA[createContactWithOrgTest => test script execution started ]]>
            </line>
            <line>
              <![CDATA[--clicked on organization--]]>
            </line>
            <line>
              <![CDATA[--clicked on New-org-img--]]>
            </line>
            <line>
              <![CDATA[---organization successfully created---]]>
            </line>
            <line>
              <![CDATA[--navigate to contacts---]]>
            </line>
            <line>
              <![CDATA[--clicked on new contact img--]]>
            </line>
            <line>
              <![CDATA[--contact created successfully---]]>
            </line>
            <line>
              <![CDATA[createContactWithOrgTest => is passed ]]>
            </line>
          </reporter-output>
        </test-method> <!-- createContactWithOrgTest -->
        <test-method is-config="true" signature="amConfig()[pri:0, instance:Contacts.Contact_with_orgnization@35d019a3]" started-at="2022-09-15T21:48:51 IST" name="amConfig" finished-at="2022-09-15T21:48:52 IST" duration-ms="1329" status="PASS">
          <reporter-output>
            <line>
              <![CDATA[--sign out successfully--]]>
            </line>
          </reporter-output>
        </test-method> <!-- amConfig -->
        <test-method is-config="true" signature="acConfig()[pri:0, instance:Contacts.Contact_with_orgnization@35d019a3]" started-at="2022-09-15T21:48:52 IST" name="acConfig" finished-at="2022-09-15T21:48:52 IST" duration-ms="83" status="PASS">
          <reporter-output>
            <line>
              <![CDATA[--browser closed --]]>
            </line>
          </reporter-output>
        </test-method> <!-- acConfig -->
      </class> <!-- Contacts.Contact_with_orgnization -->
      <class name="Contacts.CreateContactWithMandatoryFieldsTest">
        <test-method is-config="true" signature="bsConfig()[pri:0, instance:Contacts.CreateContactWithMandatoryFieldsTest@55b699ef]" started-at="2022-09-15T21:47:54 IST" name="bsConfig" finished-at="2022-09-15T21:47:54 IST" duration-ms="304" status="PASS">
          <reporter-output>
            <line>
              <![CDATA[---Database Connection successful---]]>
            </line>
          </reporter-output>
        </test-method> <!-- bsConfig -->
        <test-method is-config="true" signature="bcConfig()[pri:0, instance:Contacts.CreateContactWithMandatoryFieldsTest@55b699ef]" started-at="2022-09-15T21:47:55 IST" name="bcConfig" finished-at="2022-09-15T21:48:01 IST" duration-ms="6769" status="PASS">
          <reporter-output>
            <line>
              <![CDATA[--Browser launched successfully--true]]>
            </line>
          </reporter-output>
        </test-method> <!-- bcConfig -->
        <test-method is-config="true" signature="bmConfig()[pri:0, instance:Contacts.CreateContactWithMandatoryFieldsTest@55b699ef]" started-at="2022-09-15T21:48:02 IST" name="bmConfig" finished-at="2022-09-15T21:48:05 IST" duration-ms="3614" status="PASS">
          <reporter-output>
            <line>
              <![CDATA[--Login successfully--]]>
            </line>
          </reporter-output>
        </test-method> <!-- bmConfig -->
        <test-method signature="createconWithMandatoryField()[pri:0, instance:Contacts.CreateContactWithMandatoryFieldsTest@55b699ef]" started-at="2022-09-15T21:48:05 IST" name="createconWithMandatoryField" finished-at="2022-09-15T21:48:23 IST" duration-ms="17880" status="PASS">
          <reporter-output>
            <line>
              <![CDATA[createconWithMandatoryField => test script execution started ]]>
            </line>
            <line>
              <![CDATA[createconWithMandatoryField => is passed ]]>
            </line>
          </reporter-output>
        </test-method> <!-- createconWithMandatoryField -->
        <test-method is-config="true" signature="amConfig()[pri:0, instance:Contacts.CreateContactWithMandatoryFieldsTest@55b699ef]" started-at="2022-09-15T21:48:23 IST" name="amConfig" finished-at="2022-09-15T21:48:24 IST" duration-ms="1448" status="PASS">
          <reporter-output>
            <line>
              <![CDATA[--sign out successfully--]]>
            </line>
          </reporter-output>
        </test-method> <!-- amConfig -->
        <test-method is-config="true" signature="acConfig()[pri:0, instance:Contacts.CreateContactWithMandatoryFieldsTest@55b699ef]" started-at="2022-09-15T21:48:24 IST" name="acConfig" finished-at="2022-09-15T21:48:25 IST" duration-ms="128" status="PASS">
          <reporter-output>
            <line>
              <![CDATA[--browser closed --]]>
            </line>
          </reporter-output>
        </test-method> <!-- acConfig -->
        <test-method is-config="true" signature="asConfig()[pri:0, instance:Contacts.CreateContactWithMandatoryFieldsTest@55b699ef]" started-at="2022-09-15T21:48:53 IST" name="asConfig" finished-at="2022-09-15T21:48:53 IST" duration-ms="15" status="PASS">
          <reporter-output>
            <line>
              <![CDATA[--Data Base closed--]]>
            </line>
          </reporter-output>
        </test-method> <!-- asConfig -->
      </class> <!-- Contacts.CreateContactWithMandatoryFieldsTest -->
    </test> <!-- Test-runner-firefox -->
    <test started-at="2022-09-15T21:47:54 IST" name="Test-Runner-Chrome" finished-at="2022-09-15T21:48:52 IST" duration-ms="57970">
      <class name="Contacts.Contact_with_orgnization">
        <test-method is-config="true" signature="bcConfig()[pri:0, instance:Contacts.Contact_with_orgnization@222545dc]" started-at="2022-09-15T21:48:25 IST" name="bcConfig" finished-at="2022-09-15T21:48:26 IST" duration-ms="1848" status="PASS">
          <reporter-output>
            <line>
              <![CDATA[--Browser launched successfully--true]]>
            </line>
          </reporter-output>
        </test-method> <!-- bcConfig -->
        <test-method is-config="true" signature="bmConfig()[pri:0, instance:Contacts.Contact_with_orgnization@222545dc]" started-at="2022-09-15T21:48:26 IST" name="bmConfig" finished-at="2022-09-15T21:48:29 IST" duration-ms="2726" status="PASS">
          <reporter-output>
            <line>
              <![CDATA[--Login successfully--]]>
            </line>
          </reporter-output>
        </test-method> <!-- bmConfig -->
        <test-method signature="createContactWithOrgTest()[pri:0, instance:Contacts.Contact_with_orgnization@222545dc]" started-at="2022-09-15T21:48:29 IST" name="createContactWithOrgTest" finished-at="2022-09-15T21:48:51 IST" duration-ms="21730" status="PASS">
          <reporter-output>
            <line>
              <![CDATA[createContactWithOrgTest => test script execution started ]]>
            </line>
            <line>
              <![CDATA[--clicked on organization--]]>
            </line>
            <line>
              <![CDATA[--clicked on New-org-img--]]>
            </line>
            <line>
              <![CDATA[---organization successfully created---]]>
            </line>
            <line>
              <![CDATA[--navigate to contacts---]]>
            </line>
            <line>
              <![CDATA[--clicked on new contact img--]]>
            </line>
            <line>
              <![CDATA[--contact created successfully---]]>
            </line>
            <line>
              <![CDATA[createContactWithOrgTest => is passed ]]>
            </line>
          </reporter-output>
        </test-method> <!-- createContactWithOrgTest -->
        <test-method is-config="true" signature="amConfig()[pri:0, instance:Contacts.Contact_with_orgnization@222545dc]" started-at="2022-09-15T21:48:51 IST" name="amConfig" finished-at="2022-09-15T21:48:52 IST" duration-ms="1329" status="PASS">
          <reporter-output>
            <line>
              <![CDATA[--sign out successfully--]]>
            </line>
          </reporter-output>
        </test-method> <!-- amConfig -->
        <test-method is-config="true" signature="acConfig()[pri:0, instance:Contacts.Contact_with_orgnization@222545dc]" started-at="2022-09-15T21:48:52 IST" name="acConfig" finished-at="2022-09-15T21:48:52 IST" duration-ms="83" status="PASS">
          <reporter-output>
            <line>
              <![CDATA[--browser closed --]]>
            </line>
          </reporter-output>
        </test-method> <!-- acConfig -->
      </class> <!-- Contacts.Contact_with_orgnization -->
      <class name="Contacts.CreateContactWithMandatoryFieldsTest">
        <test-method is-config="true" signature="bcConfig()[pri:0, instance:Contacts.CreateContactWithMandatoryFieldsTest@6b81ce95]" started-at="2022-09-15T21:47:55 IST" name="bcConfig" finished-at="2022-09-15T21:48:02 IST" duration-ms="6791" status="PASS">
          <reporter-output>
            <line>
              <![CDATA[--Browser launched successfully--true]]>
            </line>
          </reporter-output>
        </test-method> <!-- bcConfig -->
        <test-method is-config="true" signature="bmConfig()[pri:0, instance:Contacts.CreateContactWithMandatoryFieldsTest@6b81ce95]" started-at="2022-09-15T21:48:02 IST" name="bmConfig" finished-at="2022-09-15T21:48:05 IST" duration-ms="3469" status="PASS">
          <reporter-output>
            <line>
              <![CDATA[--Login successfully--]]>
            </line>
          </reporter-output>
        </test-method> <!-- bmConfig -->
        <test-method signature="createconWithMandatoryField()[pri:0, instance:Contacts.CreateContactWithMandatoryFieldsTest@6b81ce95]" started-at="2022-09-15T21:48:05 IST" name="createconWithMandatoryField" finished-at="2022-09-15T21:48:23 IST" duration-ms="18026" status="PASS">
          <reporter-output>
            <line>
              <![CDATA[createconWithMandatoryField => test script execution started ]]>
            </line>
            <line>
              <![CDATA[createconWithMandatoryField => is passed ]]>
            </line>
          </reporter-output>
        </test-method> <!-- createconWithMandatoryField -->
        <test-method is-config="true" signature="amConfig()[pri:0, instance:Contacts.CreateContactWithMandatoryFieldsTest@6b81ce95]" started-at="2022-09-15T21:48:23 IST" name="amConfig" finished-at="2022-09-15T21:48:24 IST" duration-ms="1425" status="PASS">
          <reporter-output>
            <line>
              <![CDATA[--sign out successfully--]]>
            </line>
          </reporter-output>
        </test-method> <!-- amConfig -->
        <test-method is-config="true" signature="acConfig()[pri:0, instance:Contacts.CreateContactWithMandatoryFieldsTest@6b81ce95]" started-at="2022-09-15T21:48:24 IST" name="acConfig" finished-at="2022-09-15T21:48:25 IST" duration-ms="136" status="PASS">
          <reporter-output>
            <line>
              <![CDATA[--browser closed --]]>
            </line>
          </reporter-output>
        </test-method> <!-- acConfig -->
      </class> <!-- Contacts.CreateContactWithMandatoryFieldsTest -->
    </test> <!-- Test-Runner-Chrome -->
  </suite> <!-- Suite -->
</testng-results>
